Arguments: 
  C:\Program Files\nodejs\node.exe C:\Users\Fajar\AppData\Roaming\npm\node_modules\yarn\bin\yarn.js add @badeball/cypress-cucumber-preprocessor

PATH: 
  C:\Program Files\Common Files\Oracle\Java\javapath;C:\Program Files (x86)\Common Files\Oracle\Java\javapath;C:\Python310\Scripts\;C:\Python310\;C:\oraclexe\app\oracle\product\11.2.0\server\bin;C:\Program Files (x86)\Common Files\Intel\Shared Libraries\redist\intel64\compiler;C:\WINDOWS\system32;C:\WINDOWS;C:\WINDOWS\System32\Wbem;C:\WINDOWS\System32\WindowsPowerShell\v1.0\;C:\WINDOWS\System32\OpenSSH\;C:\Program Files (x86)\Git\cmd;C:\ProgramData\chocolatey\bin;C:\Program Files\Java\jdk1.8.0_333\bin;C:\Program Files\nodejs\;C:\MinGW\bin;C:\Program Files (x86)\Common Files\Intel\Shared Libraries\redist\intel64\compiler;C:\Program Files (x86)\Common Files\Oracle\Java\javapath;C:\WINDOWS\system32;C:\WINDOWS;C:\WINDOWS\System32\Wbem;C:\WINDOWS\System32\WindowsPowerShell\v1.0\;C:\WINDOWS\System32\OpenSSH\;C:\Windows\system32;C:\Windows;C:\Windows\System32\Wbem;C:\Windows\System32\WindowsPowerShell\v1.0\;C:\Users\Fajar\AppData\Local\Microsoft\WindowsApps;C:\Users\Fajar\AppData\Local\Microsoft\WindowsApps;C:\Users\Fajar\AppData\Local\Programs\Microsoft VS Code\bin;C:\Users\Fajar\AppData\Roaming\npm;C:\Program Files\Java\jdk1.8.0_333\bin;

Yarn version: 
  1.22.19

Node version: 
  16.16.0

Platform: 
  win32 x64

Trace: 
  Error: ENOSPC: no space left on device, write

npm manifest: 
  {
    "name": "edubdd",
    "version": "1.0.0",
    "main": "index.js",
    "author": "arinichaerunnisa",
    "license": "MIT",
    "devDependencies": {
      "cypress": "^13.13.1",
      "cypress-cucumber-preprocessor": "^4.3.1",
      "prettier": "^3.3.3"
    },
    "dependencies": {
      "@badeball/cypress-cucumber-preprocessor": "^20.1.0",
      "@cypress/browserify-preprocessor": "^3.0.2"
    }
  }

yarn manifest: 
  No manifest

Lockfile: 
  No lockfile
